<?xml version="1.0" encoding="UTF-8"?>
<!-- Generated by org.testng.reporters.JUnitReportReporter -->
<testsuite hostname="DESKTOP-JTB7APR" failures="0" tests="2" name="testCase_1" time="32.560" errors="0" timestamp="2023-04-26T20:46:55 IST" skipped="1">
  <testcase classname="testCase_1" name="testDemo" time="32.560"/>
  <system-out/>
  <testcase classname="testCase_1" name="verifyTitle">
    <skipped/>
  </testcase> <!-- verifyTitle -->
  <system-out/>
</testsuite> <!-- testCase_1 -->
